<?xml version="1.0" encoding="UTF-8"?>
<testsuite xmlns:xsi="http://www.w3.org/2001/XMLSchema-instance" xsi:noNamespaceSchemaLocation="https://maven.apache.org/surefire/maven-surefire-plugin/xsd/surefire-test-report.xsd" name="com.unific.cucumber.RunCukesTest" time="165.185" tests="32" errors="2" skipped="5" failures="0">
  <properties>
[...]
</properties>
  <testcase name="Given User is at Unific Login Page" classname="| $100 | First name |  | 1@# | Percentage | 10 | Entire order | Always active |" time="0.002"/>
  <testcase name="When User Enters valid Email and Password" classname="| $100 | First name |  | 1@# | Percentage | 10 | Entire order | Always active |" time="0.002"/>
  <testcase name="And User Clicks on Login" classname="| $100 | First name |  | 1@# | Percentage | 10 | Entire order | Always active |" time="0"/>
  <testcase name="And User is able to navigate to Snippets Page" classname="| $100 | First name |  | 1@# | Percentage | 10 | Entire order | Always active |" time="0"/>
  <testcase name="And User selects to create a new Snippet" classname="| $100 | First name |  | 1@# | Percentage | 10 | Entire order | Always active |" time="0"/>
  <testcase name="And User enters Snippet Name as &quot;$100&quot;" classname="| $100 | First name |  | 1@# | Percentage | 10 | Entire order | Always active |" time="0"/>
  <testcase name="And User selects Coupon Code Format with Prefix1 as &quot;First name&quot; Prefix2 as &quot;&quot; and Suffix as &quot;1@#&quot;" classname="| $100 | First name |  | 1@# | Percentage | 10 | Entire order | Always active |" time="0.001"/>
  <testcase name="And User selects Discount Type as &quot;Percentage&quot; and Discount value as &quot;10&quot;" classname="| $100 | First name |  | 1@# | Percentage | 10 | Entire order | Always active |" time="0"/>
  <testcase name="And User selects applies to as &quot;Entire order&quot;" classname="| $100 | First name |  | 1@# | Percentage | 10 | Entire order | Always active |" time="0"/>
  <testcase name="And User selects active dates as &quot;Always active&quot;" classname="| $100 | First name |  | 1@# | Percentage | 10 | Entire order | Always active |" time="0"/>
  <testcase name="And User selects to save" classname="| $100 | First name |  | 1@# | Percentage | 10 | Entire order | Always active |" time="0.002"/>
  <testcase name="Then User is able to see the generated Coupon" classname="| $100 | First name |  | 1@# | Percentage | 10 | Entire order | Always active |" time="0"/>
  <testcase name="When User clicks on campaigns" classname="| $100 | First name |  | 1@# | Percentage | 10 | Entire order | Always active |" time="0.001"/>
  <testcase name="When User clicks on Newcampaign" classname="| $100 | First name |  | 1@# | Percentage | 10 | Entire order | Always active |" time="0"/>
  <testcase name="And User clicks on Create new campaign from scratch" classname="| $100 | First name |  | 1@# | Percentage | 10 | Entire order | Always active |" time="0"/>
  <testcase name="Then User is navigated to CampaignCreation Page" classname="| $100 | First name |  | 1@# | Percentage | 10 | Entire order | Always active |" time="0.001"/>
  <testcase name="When User enters Campaign title as &quot;Test Campaign Title&quot;" classname="| $100 | First name |  | 1@# | Percentage | 10 | Entire order | Always active |" time="0"/>
  <testcase name="And User selects Starting Trigger as &quot;Order Confirmation Event&quot;" classname="| $100 | First name |  | 1@# | Percentage | 10 | Entire order | Always active |" time="0"/>
  <testcase name="And User selects Action as &quot;Send Email&quot;" classname="| $100 | First name |  | 1@# | Percentage | 10 | Entire order | Always active |" time="0.005">
    <error message="no such element: Unable to locate element: {&quot;method&quot;:&quot;xpath&quot;,&quot;selector&quot;:&quot;//div[contains(@id,&apos;jsPlumb&apos;)]//i[@class=&apos;fa fa-plus-circle fa-2x&apos;]&quot;}&#10;  (Session info: chrome=65.0.3325.162)&#10;  (Driver info: chromedriver=2.36.540471 (9c759b81a907e70363c6312294d30b6ccccc2752),platform=Linux 4.13.0-43-generic x86_64) (WARNING: The server did not provide any stacktrace information)&#10;Command duration or timeout: 0 milliseconds&#10;For documentation on this error, please visit: http://seleniumhq.org/exceptions/no_such_element.html&#10;Build info: version: &apos;3.5.2&apos;, revision: &apos;10229a9&apos;, time: &apos;2017-08-21T17:29:55.15Z&apos;&#10;System info: host: &apos;WKS-195&apos;, ip: &apos;127.0.1.1&apos;, os.name: &apos;Linux&apos;, os.arch: &apos;amd64&apos;, os.version: &apos;4.13.0-43-generic&apos;, java.version: &apos;9.0.4&apos;&#10;Driver info: org.openqa.selenium.chrome.ChromeDriver&#10;Capabilities [{mobileEmulationEnabled=false, hasTouchScreen=false, platform=LINUX, acceptSslCerts=false, acceptInsecureCerts=false, webStorageEnabled=true, browserName=chrome, takesScreenshot=true, javascriptEnabled=true, setWindowRect=true, unexpectedAlertBehaviour=, applicationCacheEnabled=false, rotatable=false, networkConnectionEnabled=false, chrome={chromedriverVersion=2.36.540471 (9c759b81a907e70363c6312294d30b6ccccc2752), userDataDir=/tmp/.org.chromium.Chromium.TOtVBr}, takesHeapSnapshot=true, pageLoadStrategy=normal, unhandledPromptBehavior=, databaseEnabled=false, handlesAlerts=true, version=65.0.3325.162, browserConnectionEnabled=false, nativeEvents=true, locationContextEnabled=true, cssSelectorsEnabled=true}]&#10;Session ID: 62d48b202f7803b62edbecedc967f533&#10;*** Element info: {Using=xpath, value=//div[contains(@id,&apos;jsPlumb&apos;)]//i[@class=&apos;fa fa-plus-circle fa-2x&apos;]}" type="org.openqa.selenium.NoSuchElementException">org.openqa.selenium.NoSuchElementException: 
no such element: Unable to locate element: {"method":"xpath","selector":"//div[contains(@id,'jsPlumb')]//i[@class='fa fa-plus-circle fa-2x']"}
  (Session info: chrome=65.0.3325.162)
  (Driver info: chromedriver=2.36.540471 (9c759b81a907e70363c6312294d30b6ccccc2752),platform=Linux 4.13.0-43-generic x86_64) (WARNING: The server did not provide any stacktrace information)
Command duration or timeout: 0 milliseconds
For documentation on this error, please visit: http://seleniumhq.org/exceptions/no_such_element.html
Build info: version: '3.5.2', revision: '10229a9', time: '2017-08-21T17:29:55.15Z'
System info: host: 'WKS-195', ip: '127.0.1.1', os.name: 'Linux', os.arch: 'amd64', os.version: '4.13.0-43-generic', java.version: '9.0.4'
Driver info: org.openqa.selenium.chrome.ChromeDriver
Capabilities [{mobileEmulationEnabled=false, hasTouchScreen=false, platform=LINUX, acceptSslCerts=false, acceptInsecureCerts=false, webStorageEnabled=true, browserName=chrome, takesScreenshot=true, javascriptEnabled=true, setWindowRect=true, unexpectedAlertBehaviour=, applicationCacheEnabled=false, rotatable=false, networkConnectionEnabled=false, chrome={chromedriverVersion=2.36.540471 (9c759b81a907e70363c6312294d30b6ccccc2752), userDataDir=/tmp/.org.chromium.Chromium.TOtVBr}, takesHeapSnapshot=true, pageLoadStrategy=normal, unhandledPromptBehavior=, databaseEnabled=false, handlesAlerts=true, version=65.0.3325.162, browserConnectionEnabled=false, nativeEvents=true, locationContextEnabled=true, cssSelectorsEnabled=true}]
Session ID: 62d48b202f7803b62edbecedc967f533
*** Element info: {Using=xpath, value=//div[contains(@id,'jsPlumb')]//i[@class='fa fa-plus-circle fa-2x']}
</error>
  </testcase>
  <testcase name="| $100 | First name |  | 1@# | Percentage | 10 | Entire order | Always active |" classname="| $100 | First name |  | 1@# | Percentage | 10 | Entire order | Always active |" time="0.006">
    <error message="no such element: Unable to locate element: {&quot;method&quot;:&quot;xpath&quot;,&quot;selector&quot;:&quot;//div[contains(@id,&apos;jsPlumb&apos;)]//i[@class=&apos;fa fa-plus-circle fa-2x&apos;]&quot;}&#10;  (Session info: chrome=65.0.3325.162)&#10;  (Driver info: chromedriver=2.36.540471 (9c759b81a907e70363c6312294d30b6ccccc2752),platform=Linux 4.13.0-43-generic x86_64) (WARNING: The server did not provide any stacktrace information)&#10;Command duration or timeout: 0 milliseconds&#10;For documentation on this error, please visit: http://seleniumhq.org/exceptions/no_such_element.html&#10;Build info: version: &apos;3.5.2&apos;, revision: &apos;10229a9&apos;, time: &apos;2017-08-21T17:29:55.15Z&apos;&#10;System info: host: &apos;WKS-195&apos;, ip: &apos;127.0.1.1&apos;, os.name: &apos;Linux&apos;, os.arch: &apos;amd64&apos;, os.version: &apos;4.13.0-43-generic&apos;, java.version: &apos;9.0.4&apos;&#10;Driver info: org.openqa.selenium.chrome.ChromeDriver&#10;Capabilities [{mobileEmulationEnabled=false, hasTouchScreen=false, platform=LINUX, acceptSslCerts=false, acceptInsecureCerts=false, webStorageEnabled=true, browserName=chrome, takesScreenshot=true, javascriptEnabled=true, setWindowRect=true, unexpectedAlertBehaviour=, applicationCacheEnabled=false, rotatable=false, networkConnectionEnabled=false, chrome={chromedriverVersion=2.36.540471 (9c759b81a907e70363c6312294d30b6ccccc2752), userDataDir=/tmp/.org.chromium.Chromium.TOtVBr}, takesHeapSnapshot=true, pageLoadStrategy=normal, unhandledPromptBehavior=, databaseEnabled=false, handlesAlerts=true, version=65.0.3325.162, browserConnectionEnabled=false, nativeEvents=true, locationContextEnabled=true, cssSelectorsEnabled=true}]&#10;Session ID: 62d48b202f7803b62edbecedc967f533&#10;*** Element info: {Using=xpath, value=//div[contains(@id,&apos;jsPlumb&apos;)]//i[@class=&apos;fa fa-plus-circle fa-2x&apos;]}" type="org.openqa.selenium.NoSuchElementException">org.openqa.selenium.NoSuchElementException: 
no such element: Unable to locate element: {"method":"xpath","selector":"//div[contains(@id,'jsPlumb')]//i[@class='fa fa-plus-circle fa-2x']"}
  (Session info: chrome=65.0.3325.162)
  (Driver info: chromedriver=2.36.540471 (9c759b81a907e70363c6312294d30b6ccccc2752),platform=Linux 4.13.0-43-generic x86_64) (WARNING: The server did not provide any stacktrace information)
Command duration or timeout: 0 milliseconds
For documentation on this error, please visit: http://seleniumhq.org/exceptions/no_such_element.html
Build info: version: '3.5.2', revision: '10229a9', time: '2017-08-21T17:29:55.15Z'
System info: host: 'WKS-195', ip: '127.0.1.1', os.name: 'Linux', os.arch: 'amd64', os.version: '4.13.0-43-generic', java.version: '9.0.4'
Driver info: org.openqa.selenium.chrome.ChromeDriver
Capabilities [{mobileEmulationEnabled=false, hasTouchScreen=false, platform=LINUX, acceptSslCerts=false, acceptInsecureCerts=false, webStorageEnabled=true, browserName=chrome, takesScreenshot=true, javascriptEnabled=true, setWindowRect=true, unexpectedAlertBehaviour=, applicationCacheEnabled=false, rotatable=false, networkConnectionEnabled=false, chrome={chromedriverVersion=2.36.540471 (9c759b81a907e70363c6312294d30b6ccccc2752), userDataDir=/tmp/.org.chromium.Chromium.TOtVBr}, takesHeapSnapshot=true, pageLoadStrategy=normal, unhandledPromptBehavior=, databaseEnabled=false, handlesAlerts=true, version=65.0.3325.162, browserConnectionEnabled=false, nativeEvents=true, locationContextEnabled=true, cssSelectorsEnabled=true}]
Session ID: 62d48b202f7803b62edbecedc967f533
*** Element info: {Using=xpath, value=//div[contains(@id,'jsPlumb')]//i[@class='fa fa-plus-circle fa-2x']}
</error>
  </testcase>
  <testcase name="And User enters Subject Line as &quot;Order123&quot; and Pre header as &quot;{{order_id}}&quot;" classname="| $100 | First name |  | 1@# | Percentage | 10 | Entire order | Always active |" time="0">
    <skipped/>
  </testcase>
  <testcase name="And User edits Email" classname="| $100 | First name |  | 1@# | Percentage | 10 | Entire order | Always active |" time="0">
    <skipped/>
  </testcase>
  <testcase name="And User is able to see the Active Coupon" classname="| $100 | First name |  | 1@# | Percentage | 10 | Entire order | Always active |" time="0">
    <skipped/>
  </testcase>
  <testcase name="Given User has successfully logged into Shopify Partners" classname="Scenario: Create Development Store" time="0"/>
  <testcase name="When User selects a Business" classname="Scenario: Create Development Store" time="0"/>
  <testcase name="And User selects to create a developement store" classname="Scenario: Create Development Store" time="0"/>
  <testcase name="And User enters Login Information" classname="Scenario: Create Development Store" time="0"/>
  <testcase name="And User enters Store Details" classname="Scenario: Create Development Store" time="0"/>
  <testcase name="And User saves the store details" classname="Scenario: Create Development Store" time="0"/>
  <testcase name="Then DevStore is created with a Store URL" classname="Scenario: Create Development Store" time="0">
    <skipped/>
  </testcase>
  <testcase name="Scenario: Create Development Store" classname="Scenario: Create Development Store" time="0">
    <skipped/>
  </testcase>
  <testcase name="Scenario: Create Development Store" classname="Scenario: Create Development Store" time="0.079"/>
</testsuite>